

*******************************************************************************
Sun Oct 20 12:45:42 2024


FIT:    data read from "resultados.c" using 1:2
        format = x:z
        #datapoints = 10
        residuals are weighted equally (unit weight)

function used for fitting: f(x)
	f(x)=a*x*x+b*x+c
fitted parameters initialized with current variable values

iter      chisq       delta/lim  lambda   a             b             c            
   0 2.5339051078e+16   0.00e+00  2.91e+07    1.000000e+00   1.000000e+00   1.000000e+00
  12 1.2283333333e-05  -9.41e-09  2.91e-05    1.852273e-09  -3.290152e-06   3.883333e-03

After 12 iterations the fit converged.
final sum of squares of residuals : 1.22833e-05
rel. change during last iteration : -9.40586e-14

degrees of freedom    (FIT_NDF)                        : 7
rms of residuals      (FIT_STDFIT) = sqrt(WSSR/ndf)    : 0.00132467
variance of residuals (reduced chisquare) = WSSR/ndf   : 1.75476e-06

Final set of parameters            Asymptotic Standard Error
=======================            ==========================
a               = 1.85227e-09      +/- 5.765e-11    (3.112%)
b               = -3.29015e-06     +/- 6.507e-07    (19.78%)
c               = 0.00388333       +/- 0.001558     (40.12%)

correlation matrix of the fit parameters:
                a      b      c      
a               1.000 
b              -0.975  1.000 
c               0.814 -0.909  1.000 


*******************************************************************************
Sun Oct 20 12:49:09 2024


FIT:    data read from "resultadosflag.c" using 1:2
        format = x:z
        #datapoints = 10
        residuals are weighted equally (unit weight)

function used for fitting: f(x)
	f(x)=a*x*x+b*x+c
fitted parameters initialized with current variable values

iter      chisq       delta/lim  lambda   a             b             c            
   0 2.9647727273e-04   0.00e+00  5.51e-02    1.852273e-09  -3.290152e-06   3.883333e-03
   4 2.1337878788e-05  -7.96e-01  5.51e-06    2.011363e-09  -3.809846e-06   4.316662e-03

After 4 iterations the fit converged.
final sum of squares of residuals : 2.13379e-05
rel. change during last iteration : -7.96077e-06

degrees of freedom    (FIT_NDF)                        : 7
rms of residuals      (FIT_STDFIT) = sqrt(WSSR/ndf)    : 0.00174593
variance of residuals (reduced chisquare) = WSSR/ndf   : 3.04827e-06

Final set of parameters            Asymptotic Standard Error
=======================            ==========================
a               = 2.01136e-09      +/- 7.598e-11    (3.778%)
b               = -3.80985e-06     +/- 8.576e-07    (22.51%)
c               = 0.00431666       +/- 0.002053     (47.57%)

correlation matrix of the fit parameters:
                a      b      c      
a               1.000 
b              -0.975  1.000 
c               0.814 -0.909  1.000 


*******************************************************************************
Sun Oct 20 12:54:24 2024


FIT:    data read from "resultadosflag.c" using 1:3
        format = x:z
        #datapoints = 10
        residuals are weighted equally (unit weight)

function used for fitting: f(x)
	f(x)=a*x*x+b*x+c
fitted parameters initialized with current variable values

iter      chisq       delta/lim  lambda   a             b             c            
   0 6.3288409376e+15   0.00e+00  6.01e-02    2.011363e-09  -3.809846e-06   4.316662e-03
   5 1.8551961611e+05  -8.47e-02  6.01e-07    5.000076e-01  -1.549361e+00   2.203054e+02

After 5 iterations the fit converged.
final sum of squares of residuals : 185520
rel. change during last iteration : -8.46814e-07

degrees of freedom    (FIT_NDF)                        : 7
rms of residuals      (FIT_STDFIT) = sqrt(WSSR/ndf)    : 162.797
variance of residuals (reduced chisquare) = WSSR/ndf   : 26502.8

Final set of parameters            Asymptotic Standard Error
=======================            ==========================
a               = 0.500008         +/- 7.085e-06    (0.001417%)
b               = -1.54936         +/- 0.07997      (5.161%)
c               = 220.305          +/- 191.5        (86.91%)

correlation matrix of the fit parameters:
                a      b      c      
a               1.000 
b              -0.975  1.000 
c               0.814 -0.909  1.000 


*******************************************************************************
Sun Oct 20 12:54:37 2024


FIT:    data read from "resultadosflag.c" using 1:4
        format = x:z
        #datapoints = 10
        residuals are weighted equally (unit weight)

function used for fitting: g(x)
fitted parameters initialized with current variable values



*******************************************************************************
Sun Oct 20 12:55:14 2024


FIT:    data read from "resultadosflag.c" using 1:4
        format = x:z
        #datapoints = 10
        residuals are weighted equally (unit weight)

function used for fitting: g(x)
fitted parameters initialized with current variable values



*******************************************************************************
Sun Oct 20 12:55:44 2024


FIT:    data read from "resultadosflag.c" using 1:4
        format = x:z
        #datapoints = 10
        residuals are weighted equally (unit weight)

function used for fitting: g(x)
	g(x)=a*x*x+b*x+c
fitted parameters initialized with current variable values

iter      chisq       delta/lim  lambda   d             e             f            
   0 3.5309500270e+08   0.00e+00  0.00e+00    1.000000e+00   1.000000e+00   1.000000e+00
BREAK: Singular matrix in Givens()

*******************************************************************************
Sun Oct 20 12:56:08 2024


FIT:    data read from "resultadosflag.c" using 1:5
        format = x:z
        #datapoints = 10
        residuals are weighted equally (unit weight)

function used for fitting: h(x)
	h(x)=a*x*x+b*x+c
fitted parameters initialized with current variable values

iter      chisq       delta/lim  lambda   g             h             i            
   0 1.5828418715e+10   0.00e+00  0.00e+00    1.000000e+00   1.000000e+00   1.000000e+00
BREAK: Singular matrix in Givens()